{"level":"info","message":"HIT - valor: [{\"id\":61,\"forma_pagamento\":\"cartao\",\"valor\":100,\"moeda\":\"USD\",\"status\":\"CONFIRMADO\",\"data\":\"2017-10-23T02:33:46.000Z\",\"descricao\":\"dados do pagamento\"}]","timestamp":"2017-11-03T14:51:12.542Z"}
{"level":"info","message":"::ffff:127.0.0.1 - - [03/Nov/2017:14:51:12 +0000] \"GET /pagamentos/pagamento/61 HTTP/1.1\" 200 153\n","timestamp":"2017-11-03T14:51:12.547Z"}
{"level":"info","message":"HIT - valor: [{\"id\":61,\"forma_pagamento\":\"cartao\",\"valor\":100,\"moeda\":\"USD\",\"status\":\"CONFIRMADO\",\"data\":\"2017-10-23T02:33:46.000Z\",\"descricao\":\"dados do pagamento\"}]","timestamp":"2017-11-03T14:57:07.345Z"}
{"level":"info","message":"::ffff:127.0.0.1 - - [03/Nov/2017:14:57:07 +0000] \"GET /pagamentos/pagamento/61 HTTP/1.1\" 200 153 \"-\" \"curl/7.47.0\"\n","timestamp":"2017-11-03T14:57:07.351Z"}
{"level":"info","message":"HIT - valor: [{\"id\":61,\"forma_pagamento\":\"cartao\",\"valor\":100,\"moeda\":\"USD\",\"status\":\"CONFIRMADO\",\"data\":\"2017-10-23T02:33:46.000Z\",\"descricao\":\"dados do pagamento\"}]","timestamp":"2017-11-03T14:57:53.666Z"}
{"level":"info","message":"\u001b[0mGET /pagamentos/pagamento/61 \u001b[32m200 \u001b[0m23.995 ms - 153\u001b[0m\n","timestamp":"2017-11-03T14:57:53.673Z"}
{"level":"info","message":"HIT - valor: [{\"id\":61,\"forma_pagamento\":\"cartao\",\"valor\":100,\"moeda\":\"USD\",\"status\":\"CONFIRMADO\",\"data\":\"2017-10-23T02:33:46.000Z\",\"descricao\":\"dados do pagamento\"}]","timestamp":"2017-11-03T15:01:14.264Z"}
{"level":"info","message":"::ffff:127.0.0.1 - - [03/Nov/2017:15:01:14 +0000] \"GET /pagamentos/pagamento/61 HTTP/1.1\" 200 153 \"-\" \"curl/7.47.0\"\n","timestamp":"2017-11-03T15:01:14.270Z"}
{"level":"info","message":"MISS - chave não encontrada no cache","timestamp":"2017-11-03T15:06:18.205Z"}
{"level":"info","message":"running in development database","timestamp":"2017-11-03T15:06:18.206Z"}
{"level":"info","message":"pagamento:","timestamp":"2017-11-03T15:06:18.263Z"}
[]
{"level":"info","message":"::ffff:127.0.0.1 - - [03/Nov/2017:15:06:18 +0000] \"GET /pagamentos/pagamento/610 HTTP/1.1\" 404 2 \"-\" \"curl/7.47.0\"\n","timestamp":"2017-11-03T15:06:18.269Z"}
{"level":"info","message":"MISS - chave não encontrada no cache","timestamp":"2017-11-03T15:07:00.901Z"}
{"level":"info","message":"running in development database","timestamp":"2017-11-03T15:07:00.903Z"}
{"level":"error","message":"erro ao buscar pagamento 610: Error: ER_ACCESS_DENIED_ERROR: Access denied for user 'bfdegani'@'localhost' (using password: YES)","timestamp":"2017-11-03T15:07:00.953Z"}
{"level":"info","message":"::ffff:127.0.0.1 - - [03/Nov/2017:15:07:00 +0000] \"GET /pagamentos/pagamento/610 HTTP/1.1\" 500 161 \"-\" \"curl/7.47.0\"\n","timestamp":"2017-11-03T15:07:00.958Z"}
{"level":"info","message":"HIT - valor: [{\"id\":61,\"forma_pagamento\":\"cartao\",\"valor\":100,\"moeda\":\"USD\",\"status\":\"CONFIRMADO\",\"data\":\"2017-10-23T02:33:46.000Z\",\"descricao\":\"dados do pagamento\"}]","timestamp":"2017-11-03T15:07:30.084Z"}
{"level":"info","message":"\u001b[0mGET /pagamentos/pagamento/61 \u001b[32m200 \u001b[0m26.578 ms - 153\u001b[0m\n","timestamp":"2017-11-03T15:07:30.090Z"}
{"level":"info","message":"MISS - chave não encontrada no cache","timestamp":"2017-11-03T15:07:49.098Z"}
{"level":"info","message":"running in development database","timestamp":"2017-11-03T15:07:49.098Z"}
{"level":"error","message":"erro ao buscar pagamento 610: Error: ER_ACCESS_DENIED_ERROR: Access denied for user 'bfdegani'@'localhost' (using password: YES)","timestamp":"2017-11-03T15:07:49.152Z"}
{"level":"info","message":"\u001b[0mGET /pagamentos/pagamento/610 \u001b[31m500 \u001b[0m57.363 ms - 161\u001b[0m\n","timestamp":"2017-11-03T15:07:49.154Z"}
{"level":"info","message":"MISS - chave não encontrada no cache","timestamp":"2017-11-03T15:08:06.601Z"}
{"level":"info","message":"running in development database","timestamp":"2017-11-03T15:08:06.602Z"}
{"level":"info","message":"pagamento:","timestamp":"2017-11-03T15:08:06.656Z"}
[]
{"level":"info","message":"\u001b[0mGET /pagamentos/pagamento/610 \u001b[33m404 \u001b[0m70.287 ms - 2\u001b[0m\n","timestamp":"2017-11-03T15:08:06.661Z"}
{"level":"info","message":"MISS - chave não encontrada no cache","timestamp":"2017-11-07T02:36:10.226Z"}
{"level":"info","message":"running in development database","timestamp":"2017-11-07T02:36:10.228Z"}
{"level":"info","message":"pagamento:","timestamp":"2017-11-07T02:36:10.293Z"}
[{"id":61,"forma_pagamento":"cartao","valor":100,"moeda":"USD","status":"CONFIRMADO","data":"2017-10-23T02:33:46.000Z","descricao":"dados do pagamento"}]
{"level":"info","message":"nova chave adicionada ao cache: pagamento-61","timestamp":"2017-11-07T02:36:10.304Z"}
{"level":"info","message":"::ffff:127.0.0.1 - - [07/Nov/2017:02:36:10 +0000] \"GET /pagamentos/pagamento/61 HTTP/1.1\" 200 153 \"-\" \"curl/7.47.0\"\n","timestamp":"2017-11-07T02:36:10.303Z"}
{"level":"info","message":"HIT - valor: [{\"id\":61,\"forma_pagamento\":\"cartao\",\"valor\":100,\"moeda\":\"USD\",\"status\":\"CONFIRMADO\",\"data\":\"2017-10-23T02:33:46.000Z\",\"descricao\":\"dados do pagamento\"}]","timestamp":"2017-11-07T02:36:21.896Z"}
{"level":"info","message":"::ffff:127.0.0.1 - - [07/Nov/2017:02:36:21 +0000] \"GET /pagamentos/pagamento/61 HTTP/1.1\" 200 153 \"-\" \"curl/7.47.0\"\n","timestamp":"2017-11-07T02:36:21.904Z"}
